<?xml version="1.0" encoding="UTF-8"?>
<!-- Generated by org.testng.reporters.JUnitReportReporter -->
<testsuite skipped="0" hostname="ip-172-31-11-193" name="test.Dataprovider" tests="2" failures="0" timestamp="2021-02-22T04:22:24 UTC" time="0.009" errors="0">
  <testcase name="additiontest" time="0.008" classname="test.Dataprovider"/>
  <system-out/>
  <testcase name="additiontest" time="0.001" classname="test.Dataprovider"/>
  <system-out/>
</testsuite> <!-- test.Dataprovider -->
