<?xml version="1.0" encoding="UTF-8"?>
<!-- Generated by org.testng.reporters.JUnitReportReporter -->
<testsuite skipped="0" hostname="ip-172-31-11-193" name="test.Annotations" tests="2" failures="0" timestamp="2021-02-19T06:27:56 UTC" time="0.009" errors="0">
  <testcase name="method2" time="0.002" classname="test.Annotations"/>
  <system-out/>
  <testcase name="method1" time="0.007" classname="test.Annotations"/>
  <system-out/>
</testsuite> <!-- test.Annotations -->
