<?xml version="1.0" encoding="UTF-8"?>
<!-- Generated by org.testng.reporters.JUnitReportReporter -->
<testsuite skipped="0" hostname="ip-172-31-11-193" name="test.Groups" tests="2" failures="0" timestamp="2021-02-22T04:01:51 UTC" time="0.010" errors="0">
  <testcase name="method3" time="0.001" classname="test.Groups"/>
  <system-out/>
  <testcase name="method2" time="0.009" classname="test.Groups"/>
  <system-out/>
</testsuite> <!-- test.Groups -->
