<?xml version="1.0" encoding="UTF-8"?>
<!-- Generated by org.testng.reporters.JUnitReportReporter -->
<testsuite skipped="0" hostname="ip-172-31-11-193" name="test.ParametersEx" tests="1" failures="0" timestamp="2021-02-22T04:02:45 UTC" time="0.009" errors="0">
  <testcase name="testcase1" time="0.009" classname="test.ParametersEx"/>
  <system-out/>
</testsuite> <!-- test.ParametersEx -->
